<?xml version="1.0" encoding="UTF-8"?>
<!-- Generated by org.testng.reporters.JUnitReportReporter -->
<testsuite hostname="ranto-HP-Laptop-14-cm0xxx" failures="0" tests="1" name="com.ormorange.test.DashboardTest" time="5.107" errors="0" timestamp="2022-11-21T21:33:03 WIB" skipped="0">
  <testcase classname="com.ormorange.test.DashboardTest" name="MenuPIMTest" time="5.107"/>
  <system-out/>
</testsuite> <!-- com.ormorange.test.DashboardTest -->
