<?xml version="1.0" encoding="UTF-8"?>
<!-- Generated by org.testng.reporters.JUnitReportReporter -->
<testsuite hostname="ranto-HP-Laptop-14-cm0xxx" failures="0" tests="1" name="com.ormorange.test.loginTest" time="0.063" errors="0" timestamp="2022-11-21T22:15:41 WIB" skipped="0">
  <testcase classname="com.ormorange.test.loginTest" name="TestLogin" time="0.063"/>
  <system-out/>
</testsuite> <!-- com.ormorange.test.loginTest -->
