<?xml version="1.0" encoding="UTF-8"?>
<!-- Generated by org.testng.reporters.JUnitReportReporter -->
<testsuite hostname="ranto-HP-Laptop-14-cm0xxx" failures="0" tests="1" name="loginTest" time="10.366" errors="0" timestamp="2022-09-27T13:53:30 WIB" skipped="0">
  <testcase classname="loginTest" name="TestLogin" time="10.366"/>
  <system-out/>
</testsuite> <!-- loginTest -->
