<?xml version="1.0" encoding="UTF-8"?>
<!-- Generated by org.testng.reporters.JUnitReportReporter -->
<testsuite hostname="ranto-HP-Laptop-14-cm0xxx" failures="0" tests="1" name="com.ormorange.test.loginTest" time="4.120" errors="0" timestamp="2022-10-28T10:47:24 WIB" skipped="0">
  <testcase classname="com.ormorange.test.loginTest" name="TestLogin" time="4.120"/>
  <system-out/>
</testsuite> <!-- com.ormorange.test.loginTest -->
