<?xml version="1.0" encoding="UTF-8"?>
<!-- Generated by org.testng.reporters.JUnitReportReporter -->
<testsuite hostname="ranto-HP-Laptop-14-cm0xxx" failures="0" tests="1" name="com.ormorange.test.RegisterTest" time="2.821" errors="0" timestamp="2022-11-20T20:30:21 WIB" skipped="0">
  <testcase classname="com.ormorange.test.RegisterTest" name="regisTest" time="2.821"/>
  <system-out/>
</testsuite> <!-- com.ormorange.test.RegisterTest -->
