<?xml version="1.0" encoding="UTF-8"?>
<!-- Generated by org.testng.reporters.JUnitReportReporter -->
<testsuite hostname="ranto-HP-Laptop-14-cm0xxx" failures="0" tests="1" name="com.ormorange.test.ResetPasswordTest" time="3.199" errors="0" timestamp="2022-11-21T19:11:35 WIB" skipped="0">
  <testcase classname="com.ormorange.test.ResetPasswordTest" name="ResetPassTest" time="3.199"/>
  <system-out/>
</testsuite> <!-- com.ormorange.test.ResetPasswordTest -->
