<?xml version="1.0" encoding="UTF-8"?>
<!-- Generated by org.testng.reporters.JUnitReportReporter -->
<testsuite hostname="ranto-HP-Laptop-14-cm0xxx" failures="0" tests="1" name="com.ormorange.test.PimTest" time="143.262" errors="0" timestamp="2022-11-21T22:10:50 WIB" skipped="0">
  <testcase classname="com.ormorange.test.PimTest" name="SearchTest" time="143.262"/>
  <system-out/>
</testsuite> <!-- com.ormorange.test.PimTest -->
